{
  "RSpec": {
    "coverage": {
      "/Users/bensilverstein/turing/3Module/final_work/sweater-weather/config/environment.rb": {
        "lines": [
          null,
          1,
          null,
          null,
          1
        ]
      },
      "/Users/bensilverstein/turing/3Module/final_work/sweater-weather/config/application.rb": {
        "lines": [
          1,
          null,
          1,
          null,
          1,
          1,
          1,
          1,
          1,
          1,
          1,
          1,
          null,
          null,
          null,
          null,
          null,
          1,
          null,
          1,
          1,
          null,
          1,
          null,
          null,
          null,
          null,
          null,
          null,
          null,
          null,
          null,
          1,
          null,
          null
        ]
      },
      "/Users/bensilverstein/turing/3Module/final_work/sweater-weather/config/boot.rb": {
        "lines": [
          1,
          null,
          1,
          1
        ]
      },
      "/Users/bensilverstein/turing/3Module/final_work/sweater-weather/config/environments/test.rb": {
        "lines": [
          1,
          null,
          null,
          null,
          null,
          null,
          null,
          1,
          null,
          null,
          null,
          null,
          1,
          null,
          null,
          1,
          1,
          null,
          null,
          null,
          null,
          1,
          1,
          null,
          null,
          1,
          null,
          null,
          1,
          null,
          null,
          1,
          null,
          1,
          null,
          null,
          null,
          null,
          1,
          null,
          null,
          1,
          null,
          null,
          null,
          null
        ]
      },
      "/Users/bensilverstein/turing/3Module/final_work/sweater-weather/config/initializers/application_controller_renderer.rb": {
        "lines": [
          null,
          null,
          null,
          null,
          null,
          null,
          null,
          null
        ]
      },
      "/Users/bensilverstein/turing/3Module/final_work/sweater-weather/config/initializers/backtrace_silencers.rb": {
        "lines": [
          null,
          null,
          null,
          null,
          null,
          null,
          null
        ]
      },
      "/Users/bensilverstein/turing/3Module/final_work/sweater-weather/config/initializers/cors.rb": {
        "lines": [
          null,
          null,
          null,
          null,
          null,
          null,
          null,
          null,
          null,
          null,
          null,
          null,
          null,
          null,
          null,
          null
        ]
      },
      "/Users/bensilverstein/turing/3Module/final_work/sweater-weather/config/initializers/filter_parameter_logging.rb": {
        "lines": [
          null,
          null,
          null,
          1
        ]
      },
      "/Users/bensilverstein/turing/3Module/final_work/sweater-weather/config/initializers/inflections.rb": {
        "lines": [
          null,
          null,
          null,
          null,
          null,
          null,
          null,
          null,
          null,
          null,
          null,
          null,
          null,
          null,
          null,
          null
        ]
      },
      "/Users/bensilverstein/turing/3Module/final_work/sweater-weather/config/initializers/mime_types.rb": {
        "lines": [
          null,
          null,
          null,
          null
        ]
      },
      "/Users/bensilverstein/turing/3Module/final_work/sweater-weather/config/initializers/wrap_parameters.rb": {
        "lines": [
          null,
          null,
          null,
          null,
          null,
          null,
          1,
          2,
          null,
          null,
          null,
          null,
          null,
          null
        ]
      },
      "/Users/bensilverstein/turing/3Module/final_work/sweater-weather/config/routes.rb": {
        "lines": [
          1,
          null,
          1,
          1,
          1,
          1,
          1,
          null,
          null,
          null
        ]
      },
      "/Users/bensilverstein/turing/3Module/final_work/sweater-weather/app/facades/mapquest_facade.rb": {
        "lines": [
          1,
          null,
          1,
          4,
          4,
          null,
          null,
          null
        ]
      },
      "/Users/bensilverstein/turing/3Module/final_work/sweater-weather/spec/facades/weather_facade_spec.rb": {
        "lines": [
          1,
          null,
          1,
          1,
          1,
          1,
          1,
          null,
          null,
          null,
          null,
          null
        ]
      },
      "/Users/bensilverstein/turing/3Module/final_work/sweater-weather/spec/poros/current_weather_spec.rb": {
        "lines": [
          1,
          null,
          1,
          1,
          1,
          1,
          null,
          1,
          1,
          1,
          1,
          1,
          1,
          1,
          1,
          1,
          1,
          1,
          null,
          null
        ]
      },
      "/Users/bensilverstein/turing/3Module/final_work/sweater-weather/app/poros/current_weather.rb": {
        "lines": [
          1,
          1,
          1,
          2,
          2,
          2,
          2,
          2,
          2,
          2,
          2,
          2,
          2,
          null,
          null
        ]
      },
      "/Users/bensilverstein/turing/3Module/final_work/sweater-weather/spec/poros/daily_weather_spec.rb": {
        "lines": [
          1,
          null,
          1,
          1,
          null,
          1,
          null,
          null,
          null,
          null,
          null,
          null,
          null,
          null,
          null,
          null,
          null,
          null,
          null,
          null,
          null,
          null,
          null,
          null,
          null,
          null,
          null,
          null,
          null,
          null,
          null,
          null,
          null,
          null,
          null,
          null,
          null,
          null,
          null,
          null,
          null,
          null,
          null,
          1,
          null,
          1,
          1,
          1,
          1,
          1,
          1,
          1,
          1,
          null,
          null
        ]
      },
      "/Users/bensilverstein/turing/3Module/final_work/sweater-weather/app/poros/daily_weather.rb": {
        "lines": [
          1,
          1,
          1,
          1,
          1,
          1,
          1,
          1,
          1,
          1,
          null,
          null
        ]
      },
      "/Users/bensilverstein/turing/3Module/final_work/sweater-weather/spec/poros/hourly_weather_spec.rb": {
        "lines": [
          1,
          null,
          1,
          1,
          null,
          null,
          1,
          null,
          null,
          null,
          null,
          null,
          null,
          null,
          null,
          null,
          null,
          null,
          null,
          null,
          null,
          null,
          null,
          null,
          null,
          null,
          null,
          null,
          1,
          null,
          1,
          1,
          1,
          1,
          1,
          1,
          null,
          null
        ]
      },
      "/Users/bensilverstein/turing/3Module/final_work/sweater-weather/app/poros/hourly_weather.rb": {
        "lines": [
          1,
          1,
          1,
          1,
          1,
          1,
          1,
          1,
          null,
          null
        ]
      },
      "/Users/bensilverstein/turing/3Module/final_work/sweater-weather/spec/poros/location_spec.rb": {
        "lines": [
          1,
          null,
          1,
          null,
          1,
          1,
          1,
          1,
          1,
          null,
          null
        ]
      },
      "/Users/bensilverstein/turing/3Module/final_work/sweater-weather/app/poros/location.rb": {
        "lines": [
          1,
          1,
          1,
          5,
          5,
          null,
          null
        ]
      },
      "/Users/bensilverstein/turing/3Module/final_work/sweater-weather/spec/requests/api/v1/session_spec.rb": {
        "lines": [
          1,
          null,
          1,
          null,
          1,
          1,
          null,
          1,
          null,
          null,
          null,
          null,
          1,
          null,
          1,
          null,
          1,
          null,
          null,
          1,
          null,
          1,
          1,
          1,
          null,
          1,
          1,
          1,
          null,
          1,
          1,
          1,
          1,
          null,
          1,
          1,
          1,
          null,
          null,
          null,
          1,
          null,
          1,
          1,
          null,
          1,
          null,
          null,
          null,
          null,
          1,
          1,
          null,
          1,
          null,
          null,
          1,
          null,
          1,
          1,
          null,
          null,
          1,
          1,
          null,
          1,
          null,
          null,
          null,
          null,
          1,
          1,
          null,
          1,
          null,
          null,
          1,
          null,
          1,
          1,
          null,
          null,
          null
        ]
      },
      "/Users/bensilverstein/turing/3Module/final_work/sweater-weather/spec/requests/api/v1/users_spec.rb": {
        "lines": [
          1,
          null,
          1,
          1,
          1,
          1,
          null,
          1,
          null,
          null,
          null,
          null,
          1,
          null,
          1,
          null,
          1,
          1,
          null,
          1,
          1,
          null,
          1,
          1,
          1,
          1,
          1,
          1,
          1,
          1,
          1,
          1,
          null,
          null,
          null,
          null,
          1,
          1,
          1,
          null,
          1,
          null,
          null,
          null,
          1,
          1,
          null,
          1,
          1,
          null,
          null,
          1,
          1,
          null,
          1,
          null,
          null,
          null,
          1,
          1,
          null,
          1,
          1,
          null,
          null,
          1,
          1,
          null,
          1,
          null,
          null,
          null,
          null,
          null,
          1,
          1,
          null,
          1,
          1,
          null,
          null,
          1,
          null,
          1,
          null,
          null,
          null,
          null,
          1,
          1,
          null,
          1,
          1,
          null,
          null,
          null,
          null
        ]
      },
      "/Users/bensilverstein/turing/3Module/final_work/sweater-weather/spec/services/mapquest_service_spec.rb": {
        "lines": [
          1,
          null,
          1,
          1,
          1,
          1,
          1,
          null,
          1,
          1,
          1,
          1,
          null,
          null
        ]
      },
      "/Users/bensilverstein/turing/3Module/final_work/sweater-weather/spec/services/weather_service_spec.rb": {
        "lines": [
          1,
          null,
          1,
          null,
          1,
          1,
          1,
          1,
          1,
          null,
          1,
          1,
          1,
          1,
          null,
          1,
          null,
          1,
          1,
          1,
          1,
          1,
          1,
          1,
          1,
          1,
          1,
          null,
          1,
          1,
          1,
          1,
          1,
          1,
          1,
          null,
          1,
          1,
          1,
          1,
          null,
          null,
          null
        ]
      },
      "/Users/bensilverstein/turing/3Module/final_work/sweater-weather/app/services/weather_service.rb": {
        "lines": [
          1,
          1,
          3,
          3,
          3,
          3,
          3,
          null,
          3,
          null,
          null,
          1,
          3,
          3,
          null,
          null,
          null,
          1,
          3,
          null,
          null,
          null
        ]
      },
      "/Users/bensilverstein/turing/3Module/final_work/sweater-weather/app/services/mapquest_service.rb": {
        "lines": [
          1,
          1,
          6,
          6,
          null,
          6,
          null,
          null,
          1,
          1,
          6,
          6,
          null,
          null,
          null,
          1,
          6,
          null,
          null
        ]
      },
      "/Users/bensilverstein/turing/3Module/final_work/sweater-weather/app/facades/weather_facade.rb": {
        "lines": [
          1,
          null,
          1,
          2,
          2,
          null,
          null,
          null,
          null,
          null,
          null,
          1,
          0,
          0,
          0,
          null,
          null,
          null,
          1,
          0,
          0,
          0,
          null,
          null,
          null,
          1,
          0,
          null,
          0,
          null,
          null,
          null,
          null,
          null,
          null,
          null,
          null,
          null,
          null,
          null,
          null,
          null,
          null,
          null,
          null,
          null,
          null
        ]
      },
      "/Users/bensilverstein/turing/3Module/final_work/sweater-weather/app/models/user.rb": {
        "lines": [
          1,
          1,
          1,
          1,
          1,
          null,
          1,
          null,
          1,
          4,
          null,
          null
        ]
      },
      "/Users/bensilverstein/turing/3Module/final_work/sweater-weather/app/models/application_record.rb": {
        "lines": [
          1,
          1,
          null
        ]
      },
      "/Users/bensilverstein/turing/3Module/final_work/sweater-weather/app/controllers/api/v1/sessions_controller.rb": {
        "lines": [
          1,
          1,
          3,
          null,
          3,
          1,
          2,
          1,
          null,
          1,
          null,
          null,
          null
        ]
      },
      "/Users/bensilverstein/turing/3Module/final_work/sweater-weather/app/controllers/application_controller.rb": {
        "lines": [
          1,
          null
        ]
      },
      "/Users/bensilverstein/turing/3Module/final_work/sweater-weather/app/serializers/user_serializer.rb": {
        "lines": [
          1,
          1,
          1,
          null,
          1,
          null
        ]
      },
      "/Users/bensilverstein/turing/3Module/final_work/sweater-weather/app/controllers/api/v1/users_controller.rb": {
        "lines": [
          1,
          null,
          1,
          5,
          5,
          1,
          null,
          4,
          null,
          null,
          null,
          1,
          1,
          5,
          null,
          null,
          null
        ]
      }
    },
    "timestamp": 1664316696
  }
}
